  Source.cpp
Source.obj : error LNK2019: unresolved external symbol __imp_glewInit referenced in function main
Source.obj : error LNK2019: unresolved external symbol glfwInit referenced in function main
Source.obj : error LNK2019: unresolved external symbol glfwTerminate referenced in function main
Source.obj : error LNK2019: unresolved external symbol glfwCreateWindow referenced in function main
Source.obj : error LNK2019: unresolved external symbol glfwWindowShouldClose referenced in function main
Source.obj : error LNK2019: unresolved external symbol glfwGetFramebufferSize referenced in function "void __cdecl draw(struct GLFWwindow *,double)" (?draw@@YAXPEAUGLFWwindow@@N@Z)
Source.obj : error LNK2019: unresolved external symbol glfwPollEvents referenced in function main
Source.obj : error LNK2019: unresolved external symbol glfwGetTime referenced in function main
Source.obj : error LNK2019: unresolved external symbol glfwMakeContextCurrent referenced in function main
Source.obj : error LNK2019: unresolved external symbol glfwSwapBuffers referenced in function main
Source.obj : error LNK2019: unresolved external symbol glfwSwapInterval referenced in function main
Source.obj : error LNK2019: unresolved external symbol __imp___glewBindBuffer referenced in function "void __cdecl CreateVertices(void)" (?CreateVertices@@YAXXZ)
Source.obj : error LNK2019: unresolved external symbol __imp___glewBufferData referenced in function "void __cdecl CreateVertices(void)" (?CreateVertices@@YAXXZ)
Source.obj : error LNK2019: unresolved external symbol __imp___glewGenBuffers referenced in function "void __cdecl CreateVertices(void)" (?CreateVertices@@YAXXZ)
Source.obj : error LNK2019: unresolved external symbol __imp___glewAttachShader referenced in function "unsigned int __cdecl CreateShaderProgram(class std::basic_string<char,struct std::char_traits<char>,class std::allocator<char> > const &,class std::basic_string<char,struct std::char_traits<char>,class std::allocator<char> > const &)" (?CreateShaderProgram@@YAIAEBV?$basic_string@DU?$char_traits@D@std@@V?$allocator@D@2@@std@@0@Z)
Source.obj : error LNK2019: unresolved external symbol __imp___glewCompileShader referenced in function "unsigned int __cdecl CompileShader(class std::basic_string<char,struct std::char_traits<char>,class std::allocator<char> > const &,unsigned int)" (?CompileShader@@YAIAEBV?$basic_string@DU?$char_traits@D@std@@V?$allocator@D@2@@std@@I@Z)
Source.obj : error LNK2019: unresolved external symbol __imp___glewCreateProgram referenced in function "unsigned int __cdecl CreateShaderProgram(class std::basic_string<char,struct std::char_traits<char>,class std::allocator<char> > const &,class std::basic_string<char,struct std::char_traits<char>,class std::allocator<char> > const &)" (?CreateShaderProgram@@YAIAEBV?$basic_string@DU?$char_traits@D@std@@V?$allocator@D@2@@std@@0@Z)
Source.obj : error LNK2019: unresolved external symbol __imp___glewCreateShader referenced in function "unsigned int __cdecl CompileShader(class std::basic_string<char,struct std::char_traits<char>,class std::allocator<char> > const &,unsigned int)" (?CompileShader@@YAIAEBV?$basic_string@DU?$char_traits@D@std@@V?$allocator@D@2@@std@@I@Z)
Source.obj : error LNK2019: unresolved external symbol __imp___glewDeleteShader referenced in function "unsigned int __cdecl CreateShaderProgram(class std::basic_string<char,struct std::char_traits<char>,class std::allocator<char> > const &,class std::basic_string<char,struct std::char_traits<char>,class std::allocator<char> > const &)" (?CreateShaderProgram@@YAIAEBV?$basic_string@DU?$char_traits@D@std@@V?$allocator@D@2@@std@@0@Z)
Source.obj : error LNK2019: unresolved external symbol __imp___glewEnableVertexAttribArray referenced in function "void __cdecl CreateVertices(void)" (?CreateVertices@@YAXXZ)
Source.obj : error LNK2019: unresolved external symbol __imp___glewGetProgramiv referenced in function "unsigned int __cdecl CreateShaderProgram(class std::basic_string<char,struct std::char_traits<char>,class std::allocator<char> > const &,class std::basic_string<char,struct std::char_traits<char>,class std::allocator<char> > const &)" (?CreateShaderProgram@@YAIAEBV?$basic_string@DU?$char_traits@D@std@@V?$allocator@D@2@@std@@0@Z)
Source.obj : error LNK2019: unresolved external symbol __imp___glewGetShaderInfoLog referenced in function "void __cdecl PrintShaderCompileError(unsigned int)" (?PrintShaderCompileError@@YAXI@Z)
Source.obj : error LNK2019: unresolved external symbol __imp___glewGetShaderiv referenced in function "unsigned int __cdecl CompileShader(class std::basic_string<char,struct std::char_traits<char>,class std::allocator<char> > const &,unsigned int)" (?CompileShader@@YAIAEBV?$basic_string@DU?$char_traits@D@std@@V?$allocator@D@2@@std@@I@Z)
Source.obj : error LNK2019: unresolved external symbol __imp___glewGetUniformLocation referenced in function "void __cdecl draw(struct GLFWwindow *,double)" (?draw@@YAXPEAUGLFWwindow@@N@Z)
Source.obj : error LNK2019: unresolved external symbol __imp___glewLinkProgram referenced in function "unsigned int __cdecl CreateShaderProgram(class std::basic_string<char,struct std::char_traits<char>,class std::allocator<char> > const &,class std::basic_string<char,struct std::char_traits<char>,class std::allocator<char> > const &)" (?CreateShaderProgram@@YAIAEBV?$basic_string@DU?$char_traits@D@std@@V?$allocator@D@2@@std@@0@Z)
Source.obj : error LNK2019: unresolved external symbol __imp___glewShaderSource referenced in function "unsigned int __cdecl CompileShader(class std::basic_string<char,struct std::char_traits<char>,class std::allocator<char> > const &,unsigned int)" (?CompileShader@@YAIAEBV?$basic_string@DU?$char_traits@D@std@@V?$allocator@D@2@@std@@I@Z)
Source.obj : error LNK2019: unresolved external symbol __imp___glewUniformMatrix4fv referenced in function "void __cdecl draw(struct GLFWwindow *,double)" (?draw@@YAXPEAUGLFWwindow@@N@Z)
Source.obj : error LNK2019: unresolved external symbol __imp___glewUseProgram referenced in function "void __cdecl draw(struct GLFWwindow *,double)" (?draw@@YAXPEAUGLFWwindow@@N@Z)
Source.obj : error LNK2019: unresolved external symbol __imp___glewValidateProgram referenced in function "unsigned int __cdecl CreateShaderProgram(class std::basic_string<char,struct std::char_traits<char>,class std::allocator<char> > const &,class std::basic_string<char,struct std::char_traits<char>,class std::allocator<char> > const &)" (?CreateShaderProgram@@YAIAEBV?$basic_string@DU?$char_traits@D@std@@V?$allocator@D@2@@std@@0@Z)
Source.obj : error LNK2019: unresolved external symbol __imp___glewVertexAttribPointer referenced in function "void __cdecl CreateVertices(void)" (?CreateVertices@@YAXXZ)
Source.obj : error LNK2019: unresolved external symbol __imp___glewBindVertexArray referenced in function "void __cdecl CreateVertices(void)" (?CreateVertices@@YAXXZ)
Source.obj : error LNK2019: unresolved external symbol __imp___glewGenVertexArrays referenced in function "void __cdecl CreateVertices(void)" (?CreateVertices@@YAXXZ)
U:\Users\michaelneff_snhu\source\repos\OpenGLSetUpProject\..\Dependenices\lib\glew32.lib : warning LNK4272: library machine type 'x86' conflicts with target machine type 'x64'
U:\Users\michaelneff_snhu\source\repos\OpenGLSetUpProject\..\Dependenices\lib\glfw3.lib : warning LNK4272: library machine type 'x86' conflicts with target machine type 'x64'
U:\Users\michaelneff_snhu\source\repos\OpenGLSetUpProject\..\Dependenices\lib\SOIL.lib : warning LNK4272: library machine type 'x86' conflicts with target machine type 'x64'
U:\Users\michaelneff_snhu\source\repos\OpenGLSetUpProject\x64\Debug\OpenGLSetUpProject.exe : fatal error LNK1120: 32 unresolved externals
